COPY 13514035
COPY 13735744
COPY 13082628
COPY 13446545
COPY 13711020
COPY 13566571
COPY 13559804
COPY 13336091
COPY 13153448
COPY 13341736
COPY 13636509
COPY 13600919
COPY 13160132
COPY 13231117
COPY 13228632
COPY 13099344
COPY 12799387
COPY 13259632
COPY 13132104
COPY 13192835
COPY 12884178
COPY 13358698
COPY 13145526
COPY 13198195
COPY 12900182
COPY 13401808
COPY 13194909
COPY 13812292
COPY 13000416
COPY 13268967
COPY 13379485
COPY 12860686
COPY 12479035
COPY 13582555
COPY 13109317
COPY 12886984
COPY 13172482
COPY 13461994
COPY 13337018
COPY 13008405
COPY 12746233
COPY 13182237
COPY 13274567
COPY 12984447
COPY 12845000
COPY 12963829
COPY 13111141
COPY 13284594
COPY 13364186
COPY 13500291
COPY 13296258
COPY 13381064
COPY 12714439
COPY 13206061
COPY 13646248
COPY 12629472
COPY 13007726
COPY 12489745
COPY 13199040
COPY 12917688
COPY 13449907
COPY 12823954
COPY 13299579
COPY 13312264
COPY 12893619
COPY 11877551
COPY 12675007
COPY 12338382
COPY 13018801
COPY 12579695
COPY 13190412
COPY 12575745
COPY 13110983
COPY 12602761
COPY 12220808
COPY 11887853
COPY 12442007
COPY 13661218
COPY 12610700
COPY 13638796
COPY 12469410
COPY 13396407
COPY 13361917
COPY 12845378
COPY 13429747
COPY 13200433
COPY 12488140
COPY 12460131
COPY 12223779
COPY 12866218
COPY 12409526
COPY 12917202
COPY 13596385
COPY 12522966
COPY 13027962
COPY 12691133
COPY 12476535
COPY 13085938
COPY 12855341
COPY 12153294
